Started GET "/" for ::1 at 2020-10-08 16:36:51 -0700
DEPRECATION WARNING: ActiveRecord::Base.raise_in_transactional_callbacks= is deprecated, has no effect and will be removed without replacement. (called from block (3 levels) in <class:Railtie> at /Users/carlosgarciajr/.rbenv/versions/2.5.1/lib/ruby/gems/2.5.0/gems/activerecord-5.0.7.2/lib/active_record/railtie.rb:113)
Processing by StaticPagesController#index as HTML
  Rendering static_pages/index.html.erb within layouts/application
  Rendered shared/_main_nav.html.erb (0.3ms)
  Rendered shared/_masthead.html.erb (0.2ms)
  Rendered shared/_sections_nav.html.erb (0.2ms)
  Rendered shared/_search_modal.html.erb (0.2ms)
  Rendered shared/_main_content.html.erb (0.2ms)
  Rendered static_pages/index.html.erb within layouts/application (15.2ms)
Completed 200 OK in 362ms (Views: 358.9ms | ActiveRecord: 0.0ms)


Started GET "/assets/application.self-5e5b219656abf8c4e83f7dfd5e5f4f415d8fe2348d16620303a4ed96d1b5a144.css?body=1" for ::1 at 2020-10-08 16:36:52 -0700
Started GET "/" for ::1 at 2020-10-08 16:36:53 -0700
Processing by StaticPagesController#index as HTML
  Rendering static_pages/index.html.erb within layouts/application
  Rendered shared/_main_nav.html.erb (0.2ms)
  Rendered shared/_masthead.html.erb (0.2ms)
  Rendered shared/_sections_nav.html.erb (0.2ms)
  Rendered shared/_search_modal.html.erb (0.2ms)
  Rendered shared/_main_content.html.erb (0.1ms)
  Rendered static_pages/index.html.erb within layouts/application (13.2ms)
Completed 200 OK in 29ms (Views: 26.9ms | ActiveRecord: 0.0ms)


Started GET "/" for ::1 at 2020-10-08 16:37:17 -0700
Processing by StaticPagesController#index as HTML
  Rendering static_pages/index.html.erb within layouts/application
  Rendered shared/_main_nav.html.erb (0.2ms)
  Rendered shared/_masthead.html.erb (0.2ms)
  Rendered shared/_sections_nav.html.erb (0.2ms)
  Rendered shared/_search_modal.html.erb (0.2ms)
  Rendered shared/_main_content.html.erb (0.2ms)
  Rendered static_pages/index.html.erb within layouts/application (14.6ms)
Completed 200 OK in 35ms (Views: 31.8ms | ActiveRecord: 0.0ms)


Started GET "/" for ::1 at 2020-10-08 16:37:20 -0700
Processing by StaticPagesController#index as HTML
  Rendering static_pages/index.html.erb within layouts/application
  Rendered shared/_main_nav.html.erb (0.2ms)
  Rendered shared/_masthead.html.erb (0.2ms)
  Rendered shared/_sections_nav.html.erb (0.2ms)
  Rendered shared/_search_modal.html.erb (0.2ms)
  Rendered shared/_main_content.html.erb (0.2ms)
  Rendered static_pages/index.html.erb within layouts/application (12.8ms)
Completed 200 OK in 30ms (Views: 27.7ms | ActiveRecord: 0.0ms)


Started GET "/" for ::1 at 2020-10-09 09:59:50 -0700
DEPRECATION WARNING: ActiveRecord::Base.raise_in_transactional_callbacks= is deprecated, has no effect and will be removed without replacement. (called from block (3 levels) in <class:Railtie> at /Users/carlosgarciajr/.rbenv/versions/2.5.1/lib/ruby/gems/2.5.0/gems/activerecord-5.0.7.2/lib/active_record/railtie.rb:113)
Processing by StaticPagesController#index as HTML
  Rendering static_pages/index.html.erb within layouts/application
  Rendered shared/_main_nav.html.erb (0.3ms)
  Rendered shared/_masthead.html.erb (0.2ms)
  Rendered shared/_sections_nav.html.erb (0.2ms)
  Rendered shared/_search_modal.html.erb (0.2ms)
  Rendered shared/_main_content.html.erb (0.2ms)
  Rendered static_pages/index.html.erb within layouts/application (15.4ms)
Completed 200 OK in 353ms (Views: 350.1ms | ActiveRecord: 0.0ms)


Started GET "/assets/application.self-7aae4f884d21c0f895d0e25909b4a3857ca3f7bdd4412baf28bf32a8b1f558b1.css?body=1" for ::1 at 2020-10-09 09:59:51 -0700
Started GET "/" for ::1 at 2020-10-09 10:00:16 -0700
Processing by StaticPagesController#index as HTML
  Rendering static_pages/index.html.erb within layouts/application
  Rendered shared/_main_nav.html.erb (0.2ms)
  Rendered shared/_masthead.html.erb (0.2ms)
  Rendered shared/_sections_nav.html.erb (0.1ms)
  Rendered shared/_search_modal.html.erb (0.2ms)
  Rendered shared/_main_content.html.erb (0.4ms)
  Rendered static_pages/index.html.erb within layouts/application (12.9ms)
Completed 200 OK in 34ms (Views: 30.5ms | ActiveRecord: 0.0ms)


Started GET "/assets/new_office.jpg" for ::1 at 2020-10-09 10:00:16 -0700
Started GET "/" for ::1 at 2020-10-09 10:03:51 -0700
Processing by StaticPagesController#index as HTML
  Rendering static_pages/index.html.erb within layouts/application
  Rendered shared/_main_nav.html.erb (0.2ms)
  Rendered shared/_masthead.html.erb (0.2ms)
  Rendered shared/_sections_nav.html.erb (0.3ms)
  Rendered shared/_search_modal.html.erb (0.2ms)
  Rendered shared/_main_content.html.erb (0.3ms)
  Rendered static_pages/index.html.erb within layouts/application (13.1ms)
Completed 200 OK in 109ms (Views: 104.9ms | ActiveRecord: 0.0ms)


Started GET "/assets/application.self-e229079662ba64eec2df88cc9898f07a6b5005419aa37c928d3d684a6d58d3e4.css?body=1" for ::1 at 2020-10-09 10:03:51 -0700
Started GET "/assets/new_office.jpg" for ::1 at 2020-10-09 10:03:51 -0700
Started GET "/" for ::1 at 2020-10-12 13:48:14 -0700
DEPRECATION WARNING: ActiveRecord::Base.raise_in_transactional_callbacks= is deprecated, has no effect and will be removed without replacement. (called from block (3 levels) in <class:Railtie> at /Users/carlosgarciajr/.rbenv/versions/2.5.1/lib/ruby/gems/2.5.0/gems/activerecord-5.0.7.2/lib/active_record/railtie.rb:113)
Processing by StaticPagesController#index as HTML
  Rendering static_pages/index.html.erb within layouts/application
  Rendered shared/_main_nav.html.erb (0.2ms)
  Rendered shared/_masthead.html.erb (0.1ms)
  Rendered shared/_sections_nav.html.erb (0.1ms)
  Rendered shared/_search_modal.html.erb (0.2ms)
  Rendered shared/_main_content.html.erb (0.3ms)
  Rendered static_pages/index.html.erb within layouts/application (14.5ms)
Completed 500 Internal Server Error in 194ms (ActiveRecord: 0.0ms)



Sass::SyntaxError - File to import not found or unreadable: base/grid.scss.
Load paths:
  /Users/carlosgarciajr/Documents/programming/app_academy_work/curriculum/html-css/projects/aa_times/skeleton/app/assets/images
  /Users/carlosgarciajr/Documents/programming/app_academy_work/curriculum/html-css/projects/aa_times/skeleton/app/assets/javascripts
  /Users/carlosgarciajr/Documents/programming/app_academy_work/curriculum/html-css/projects/aa_times/skeleton/app/assets/stylesheets
  /Users/carlosgarciajr/Documents/programming/app_academy_work/curriculum/html-css/projects/aa_times/skeleton/vendor/assets/javascripts
  /Users/carlosgarciajr/Documents/programming/app_academy_work/curriculum/html-css/projects/aa_times/skeleton/vendor/assets/stylesheets
  /Users/carlosgarciajr/.rbenv/versions/2.5.1/lib/ruby/gems/2.5.0/gems/jquery-rails-4.4.0/vendor/assets/javascripts
  /Users/carlosgarciajr/.rbenv/versions/2.5.1/lib/ruby/gems/2.5.0/gems/coffee-rails-4.2.2/lib/assets/javascripts
  /Users/carlosgarciajr/.rbenv/versions/2.5.1/lib/ruby/gems/2.5.0/gems/actioncable-5.0.7.2/lib/assets/compiled:
  app/views/layouts/application.html.erb:7:in `_app_views_layouts_application_html_erb___270333905406359367_70279989431840'

Started POST "/__better_errors/927a171e4587d656/variables" for ::1 at 2020-10-12 13:48:14 -0700
Started GET "/" for ::1 at 2020-10-12 13:48:41 -0700
Processing by StaticPagesController#index as HTML
  Rendering static_pages/index.html.erb within layouts/application
  Rendered shared/_main_nav.html.erb (0.2ms)
  Rendered shared/_masthead.html.erb (0.1ms)
  Rendered shared/_sections_nav.html.erb (0.3ms)
  Rendered shared/_search_modal.html.erb (0.3ms)
  Rendered shared/_main_content.html.erb (0.2ms)
  Rendered static_pages/index.html.erb within layouts/application (12.8ms)
Completed 200 OK in 110ms (Views: 107.4ms | ActiveRecord: 0.0ms)


Started GET "/assets/application.self-1237ad35a9ee79bd64030d4638d1fd80f6734c490eb538e0dd01d7af3c16bf40.css?body=1" for ::1 at 2020-10-12 13:48:41 -0700
Started GET "/" for ::1 at 2020-10-12 13:48:43 -0700
Processing by StaticPagesController#index as HTML
  Rendering static_pages/index.html.erb within layouts/application
  Rendered shared/_main_nav.html.erb (0.2ms)
  Rendered shared/_masthead.html.erb (0.2ms)
  Rendered shared/_sections_nav.html.erb (0.2ms)
  Rendered shared/_search_modal.html.erb (0.2ms)
  Rendered shared/_main_content.html.erb (0.2ms)
  Rendered static_pages/index.html.erb within layouts/application (13.1ms)
Completed 200 OK in 33ms (Views: 29.9ms | ActiveRecord: 0.0ms)


Started GET "/" for ::1 at 2020-10-12 13:55:52 -0700
DEPRECATION WARNING: ActiveRecord::Base.raise_in_transactional_callbacks= is deprecated, has no effect and will be removed without replacement. (called from block (3 levels) in <class:Railtie> at /Users/carlosgarciajr/.rbenv/versions/2.5.1/lib/ruby/gems/2.5.0/gems/activerecord-5.0.7.2/lib/active_record/railtie.rb:113)
Processing by StaticPagesController#index as HTML
  Rendering static_pages/index.html.erb within layouts/application
  Rendered shared/_main_nav.html.erb (0.2ms)
  Rendered shared/_masthead.html.erb (0.1ms)
  Rendered shared/_sections_nav.html.erb (0.3ms)
  Rendered shared/_search_modal.html.erb (0.2ms)
  Rendered shared/_main_content.html.erb (0.3ms)
  Rendered static_pages/index.html.erb within layouts/application (14.6ms)
Completed 200 OK in 257ms (Views: 254.8ms | ActiveRecord: 0.0ms)


Started GET "/assets/application.self-758afe40c177e32f890a8b8e23f11571b5d1785af915c0789bd6a19191afc6ab.css?body=1" for ::1 at 2020-10-12 13:55:52 -0700
Started GET "/assets/new_office.jpg" for ::1 at 2020-10-12 13:55:52 -0700
Started GET "/" for ::1 at 2020-10-12 13:56:32 -0700
Processing by StaticPagesController#index as HTML
  Rendering static_pages/index.html.erb within layouts/application
  Rendered shared/_main_nav.html.erb (0.1ms)
  Rendered shared/_masthead.html.erb (0.2ms)
  Rendered shared/_sections_nav.html.erb (0.1ms)
  Rendered shared/_search_modal.html.erb (0.3ms)
  Rendered shared/_main_content.html.erb (0.3ms)
  Rendered static_pages/index.html.erb within layouts/application (12.3ms)
Completed 200 OK in 75ms (Views: 72.8ms | ActiveRecord: 0.0ms)


Started GET "/assets/application.self-e229079662ba64eec2df88cc9898f07a6b5005419aa37c928d3d684a6d58d3e4.css?body=1" for ::1 at 2020-10-12 13:56:32 -0700
Started GET "/assets/new_office.jpg" for ::1 at 2020-10-12 13:56:32 -0700
Started GET "/" for ::1 at 2020-10-12 13:56:33 -0700
Processing by StaticPagesController#index as HTML
  Rendering static_pages/index.html.erb within layouts/application
  Rendered shared/_main_nav.html.erb (0.2ms)
  Rendered shared/_masthead.html.erb (0.2ms)
  Rendered shared/_sections_nav.html.erb (0.2ms)
  Rendered shared/_search_modal.html.erb (0.2ms)
  Rendered shared/_main_content.html.erb (0.2ms)
  Rendered static_pages/index.html.erb within layouts/application (12.9ms)
Completed 200 OK in 34ms (Views: 31.3ms | ActiveRecord: 0.0ms)


Started GET "/assets/new_office.jpg" for ::1 at 2020-10-12 13:56:33 -0700
Started GET "/" for ::1 at 2020-10-12 13:57:15 -0700
Processing by StaticPagesController#index as HTML
  Rendering static_pages/index.html.erb within layouts/application
  Rendered shared/_main_nav.html.erb (0.2ms)
  Rendered shared/_masthead.html.erb (0.2ms)
  Rendered shared/_sections_nav.html.erb (0.2ms)
  Rendered shared/_search_modal.html.erb (0.2ms)
  Rendered shared/_main_content.html.erb (0.3ms)
  Rendered static_pages/index.html.erb within layouts/application (12.6ms)
Completed 200 OK in 92ms (Views: 88.2ms | ActiveRecord: 0.0ms)


Started GET "/assets/application.self-7aae4f884d21c0f895d0e25909b4a3857ca3f7bdd4412baf28bf32a8b1f558b1.css?body=1" for ::1 at 2020-10-12 13:57:15 -0700
Started GET "/assets/new_office.jpg" for ::1 at 2020-10-12 13:57:15 -0700
Started GET "/users" for ::1 at 2022-02-10 13:40:47 -0800
DEPRECATION WARNING: ActiveRecord::Base.raise_in_transactional_callbacks= is deprecated, has no effect and will be removed without replacement. (called from block (3 levels) in <class:Railtie> at /Users/nickpietrow/.rbenv/versions/2.5.1/lib/ruby/gems/2.5.0/gems/activerecord-5.0.7.2/lib/active_record/railtie.rb:113)
  
ActionController::RoutingError (No route matches [GET] "/users"):
  
actionpack (5.0.7.2) lib/action_dispatch/middleware/debug_exceptions.rb:53:in `call'
web-console (3.7.0) lib/web_console/middleware.rb:135:in `call_app'
web-console (3.7.0) lib/web_console/middleware.rb:30:in `block in call'
web-console (3.7.0) lib/web_console/middleware.rb:20:in `catch'
web-console (3.7.0) lib/web_console/middleware.rb:20:in `call'
actionpack (5.0.7.2) lib/action_dispatch/middleware/show_exceptions.rb:31:in `call'
railties (5.0.7.2) lib/rails/rack/logger.rb:36:in `call_app'
railties (5.0.7.2) lib/rails/rack/logger.rb:24:in `block in call'
activesupport (5.0.7.2) lib/active_support/tagged_logging.rb:69:in `block in tagged'
activesupport (5.0.7.2) lib/active_support/tagged_logging.rb:26:in `tagged'
activesupport (5.0.7.2) lib/active_support/tagged_logging.rb:69:in `tagged'
railties (5.0.7.2) lib/rails/rack/logger.rb:24:in `call'
actionpack (5.0.7.2) lib/action_dispatch/middleware/request_id.rb:24:in `call'
rack (2.2.3) lib/rack/method_override.rb:24:in `call'
rack (2.2.3) lib/rack/runtime.rb:22:in `call'
activesupport (5.0.7.2) lib/active_support/cache/strategy/local_cache_middleware.rb:28:in `call'
actionpack (5.0.7.2) lib/action_dispatch/middleware/executor.rb:12:in `call'
rack-livereload (0.3.17) lib/rack/livereload.rb:23:in `_call'
rack-livereload (0.3.17) lib/rack/livereload.rb:14:in `call'
actionpack (5.0.7.2) lib/action_dispatch/middleware/static.rb:136:in `call'
rack (2.2.3) lib/rack/sendfile.rb:110:in `call'
railties (5.0.7.2) lib/rails/engine.rb:522:in `call'
puma (3.12.6) lib/puma/configuration.rb:227:in `call'
puma (3.12.6) lib/puma/server.rb:706:in `handle_request'
puma (3.12.6) lib/puma/server.rb:476:in `process_client'
puma (3.12.6) lib/puma/server.rb:334:in `block in run'
puma (3.12.6) lib/puma/thread_pool.rb:135:in `block in spawn_thread'
  Rendering /Users/nickpietrow/.rbenv/versions/2.5.1/lib/ruby/gems/2.5.0/gems/actionpack-5.0.7.2/lib/action_dispatch/middleware/templates/rescues/routing_error.html.erb within rescues/layout
  Rendering /Users/nickpietrow/.rbenv/versions/2.5.1/lib/ruby/gems/2.5.0/gems/actionpack-5.0.7.2/lib/action_dispatch/middleware/templates/rescues/_trace.html.erb
  Rendered /Users/nickpietrow/.rbenv/versions/2.5.1/lib/ruby/gems/2.5.0/gems/actionpack-5.0.7.2/lib/action_dispatch/middleware/templates/rescues/_trace.html.erb (0.7ms)
  Rendered collection of /Users/nickpietrow/.rbenv/versions/2.5.1/lib/ruby/gems/2.5.0/gems/actionpack-5.0.7.2/lib/action_dispatch/middleware/templates/routes/_route.html.erb [1 times] (4.4ms)
  Rendered /Users/nickpietrow/.rbenv/versions/2.5.1/lib/ruby/gems/2.5.0/gems/actionpack-5.0.7.2/lib/action_dispatch/middleware/templates/routes/_table.html.erb (5.7ms)
  Rendering /Users/nickpietrow/.rbenv/versions/2.5.1/lib/ruby/gems/2.5.0/gems/actionpack-5.0.7.2/lib/action_dispatch/middleware/templates/rescues/_request_and_response.html.erb
  Rendered /Users/nickpietrow/.rbenv/versions/2.5.1/lib/ruby/gems/2.5.0/gems/actionpack-5.0.7.2/lib/action_dispatch/middleware/templates/rescues/_request_and_response.html.erb (5.1ms)
  Rendered /Users/nickpietrow/.rbenv/versions/2.5.1/lib/ruby/gems/2.5.0/gems/actionpack-5.0.7.2/lib/action_dispatch/middleware/templates/rescues/routing_error.html.erb within rescues/layout (108.4ms)
Started GET "/" for ::1 at 2022-02-10 13:40:51 -0800
Processing by StaticPagesController#index as HTML
  Rendering static_pages/index.html.erb within layouts/application
  Rendered shared/_main_nav.html.erb (0.3ms)
  Rendered shared/_masthead.html.erb (0.3ms)
  Rendered shared/_sections_nav.html.erb (0.2ms)
  Rendered shared/_search_modal.html.erb (0.1ms)
  Rendered shared/_main_content.html.erb (0.2ms)
  Rendered static_pages/index.html.erb within layouts/application (14.9ms)
Completed 200 OK in 271ms (Views: 267.9ms | ActiveRecord: 0.0ms)


Started GET "/assets/application.self-6ee7cf322068224a3c035ee2f36ab8fd10508c059d8754b0d66976dba36649a5.css?body=1" for ::1 at 2022-02-10 13:40:51 -0800
Started GET "/assets/jquery.self-bd7ddd393353a8d2480a622e80342adf488fb6006d667e8b42e4c0073393abee.js?body=1" for ::1 at 2022-02-10 13:40:51 -0800
Started GET "/assets/components/modal.self-52188644dbb47def5ee35ae02e69eb567ca9b664472357a8a5789dd39032a265.js?body=1" for ::1 at 2022-02-10 13:40:51 -0800
Started GET "/assets/components/sidebar.self-2a1277f850a6fa21e1a974ef5152f177ac05516477d5081d593bb137b3d6808b.js?body=1" for ::1 at 2022-02-10 13:40:51 -0800
Started GET "/assets/jquery_ujs.self-784a997f6726036b1993eb2217c9cb558e1cbb801c6da88105588c56f13b466a.js?body=1" for ::1 at 2022-02-10 13:40:51 -0800
Started GET "/assets/application.self-f571b9db02bf4ed04c38a6a29072ac382f7d4f47db1fab9817aeadb0d8665235.js?body=1" for ::1 at 2022-02-10 13:40:51 -0800
Started GET "/assets/application.self-6ee7cf322068224a3c035ee2f36ab8fd10508c059d8754b0d66976dba36649a5.css?body=1&livereload=1644529630270" for ::1 at 2022-02-10 13:47:10 -0800
Started GET "/assets/application.self-6ee7cf322068224a3c035ee2f36ab8fd10508c059d8754b0d66976dba36649a5.css?body=1&livereload=1644529630271" for ::1 at 2022-02-10 13:47:10 -0800
Started GET "/assets/application.self-6ee7cf322068224a3c035ee2f36ab8fd10508c059d8754b0d66976dba36649a5.css?body=1&livereload=1644529651352" for ::1 at 2022-02-10 13:47:31 -0800
Started GET "/assets/application.self-6ee7cf322068224a3c035ee2f36ab8fd10508c059d8754b0d66976dba36649a5.css?body=1&livereload=1644529651349" for ::1 at 2022-02-10 13:47:31 -0800
Started GET "/assets/application.self-6ee7cf322068224a3c035ee2f36ab8fd10508c059d8754b0d66976dba36649a5.css?body=1&livereload=1644529653315" for ::1 at 2022-02-10 13:47:33 -0800
Started GET "/assets/application.self-6ee7cf322068224a3c035ee2f36ab8fd10508c059d8754b0d66976dba36649a5.css?body=1&livereload=1644529653317" for ::1 at 2022-02-10 13:47:33 -0800
Started GET "/assets/application.self-6ee7cf322068224a3c035ee2f36ab8fd10508c059d8754b0d66976dba36649a5.css?body=1&livereload=1644529661385" for ::1 at 2022-02-10 13:47:41 -0800
Started GET "/assets/application.self-6ee7cf322068224a3c035ee2f36ab8fd10508c059d8754b0d66976dba36649a5.css?body=1&livereload=1644529661386" for ::1 at 2022-02-10 13:47:41 -0800
Started GET "/assets/application.self-6ee7cf322068224a3c035ee2f36ab8fd10508c059d8754b0d66976dba36649a5.css?body=1&livereload=1644529673408" for ::1 at 2022-02-10 13:47:53 -0800
Started GET "/assets/application.self-6ee7cf322068224a3c035ee2f36ab8fd10508c059d8754b0d66976dba36649a5.css?body=1&livereload=1644529673411" for ::1 at 2022-02-10 13:47:53 -0800
Started GET "/assets/application.self-6ee7cf322068224a3c035ee2f36ab8fd10508c059d8754b0d66976dba36649a5.css?body=1&livereload=1644529681483" for ::1 at 2022-02-10 13:48:01 -0800
Started GET "/assets/application.self-6ee7cf322068224a3c035ee2f36ab8fd10508c059d8754b0d66976dba36649a5.css?body=1&livereload=1644529681487" for ::1 at 2022-02-10 13:48:01 -0800
Started GET "/assets/application.self-6ee7cf322068224a3c035ee2f36ab8fd10508c059d8754b0d66976dba36649a5.css?body=1&livereload=1644529683444" for ::1 at 2022-02-10 13:48:03 -0800
Started GET "/assets/application.self-6ee7cf322068224a3c035ee2f36ab8fd10508c059d8754b0d66976dba36649a5.css?body=1&livereload=1644529683446" for ::1 at 2022-02-10 13:48:03 -0800
Started GET "/assets/application.self-6ee7cf322068224a3c035ee2f36ab8fd10508c059d8754b0d66976dba36649a5.css?body=1&livereload=1644529685502" for ::1 at 2022-02-10 13:48:05 -0800
Started GET "/assets/application.self-6ee7cf322068224a3c035ee2f36ab8fd10508c059d8754b0d66976dba36649a5.css?body=1&livereload=1644529685505" for ::1 at 2022-02-10 13:48:05 -0800
Started GET "/assets/application.self-6ee7cf322068224a3c035ee2f36ab8fd10508c059d8754b0d66976dba36649a5.css?body=1&livereload=1644529687472" for ::1 at 2022-02-10 13:48:07 -0800
Started GET "/assets/application.self-6ee7cf322068224a3c035ee2f36ab8fd10508c059d8754b0d66976dba36649a5.css?body=1&livereload=1644529687473" for ::1 at 2022-02-10 13:48:07 -0800
Started GET "/assets/application.self-6ee7cf322068224a3c035ee2f36ab8fd10508c059d8754b0d66976dba36649a5.css?body=1&livereload=1644529688512" for ::1 at 2022-02-10 13:48:08 -0800
Started GET "/assets/application.self-6ee7cf322068224a3c035ee2f36ab8fd10508c059d8754b0d66976dba36649a5.css?body=1&livereload=1644529688513" for ::1 at 2022-02-10 13:48:08 -0800
Started GET "/assets/application.self-6ee7cf322068224a3c035ee2f36ab8fd10508c059d8754b0d66976dba36649a5.css?body=1&livereload=1644529695535" for ::1 at 2022-02-10 13:48:15 -0800
Started GET "/assets/application.self-6ee7cf322068224a3c035ee2f36ab8fd10508c059d8754b0d66976dba36649a5.css?body=1&livereload=1644529695535&livereload=1644529695535" for ::1 at 2022-02-10 13:48:15 -0800
Started GET "/assets/application.self-6ee7cf322068224a3c035ee2f36ab8fd10508c059d8754b0d66976dba36649a5.css?body=1&livereload=1644529743692&livereload=1644529695535" for ::1 at 2022-02-10 13:49:03 -0800
Started GET "/assets/application.self-6ee7cf322068224a3c035ee2f36ab8fd10508c059d8754b0d66976dba36649a5.css?body=1&livereload=1644529743690&livereload=1644529695535" for ::1 at 2022-02-10 13:49:03 -0800
Started GET "/assets/application.self-6ee7cf322068224a3c035ee2f36ab8fd10508c059d8754b0d66976dba36649a5.css?body=1&livereload=1644529754750&livereload=1644529695535" for ::1 at 2022-02-10 13:49:14 -0800
Started GET "/assets/application.self-6ee7cf322068224a3c035ee2f36ab8fd10508c059d8754b0d66976dba36649a5.css?body=1&livereload=1644529754751&livereload=1644529695535" for ::1 at 2022-02-10 13:49:14 -0800
Started GET "/assets/application.self-6ee7cf322068224a3c035ee2f36ab8fd10508c059d8754b0d66976dba36649a5.css?body=1&livereload=1644529757740&livereload=1644529695535" for ::1 at 2022-02-10 13:49:17 -0800
Started GET "/assets/application.self-6ee7cf322068224a3c035ee2f36ab8fd10508c059d8754b0d66976dba36649a5.css?body=1&livereload=1644529757741&livereload=1644529695535" for ::1 at 2022-02-10 13:49:17 -0800
Started GET "/assets/application.self-6ee7cf322068224a3c035ee2f36ab8fd10508c059d8754b0d66976dba36649a5.css?body=1&livereload=1644529760815&livereload=1644529695535" for ::1 at 2022-02-10 13:49:20 -0800
Started GET "/assets/application.self-6ee7cf322068224a3c035ee2f36ab8fd10508c059d8754b0d66976dba36649a5.css?body=1&livereload=1644529760816&livereload=1644529695535" for ::1 at 2022-02-10 13:49:20 -0800
Started GET "/assets/application.self-6ee7cf322068224a3c035ee2f36ab8fd10508c059d8754b0d66976dba36649a5.css?body=1&livereload=1644529776825&livereload=1644529695535" for ::1 at 2022-02-10 13:49:36 -0800
Started GET "/assets/application.self-6ee7cf322068224a3c035ee2f36ab8fd10508c059d8754b0d66976dba36649a5.css?body=1&livereload=1644529776826&livereload=1644529695535" for ::1 at 2022-02-10 13:49:36 -0800
Started GET "/assets/application.self-6ee7cf322068224a3c035ee2f36ab8fd10508c059d8754b0d66976dba36649a5.css?body=1&livereload=1644529836071&livereload=1644529695535" for ::1 at 2022-02-10 13:50:36 -0800
Started GET "/assets/application.self-6ee7cf322068224a3c035ee2f36ab8fd10508c059d8754b0d66976dba36649a5.css?body=1&livereload=1644529836066&livereload=1644529695535" for ::1 at 2022-02-10 13:50:36 -0800
Started GET "/assets/application.self-6ee7cf322068224a3c035ee2f36ab8fd10508c059d8754b0d66976dba36649a5.css?body=1&livereload=1644529843100&livereload=1644529695535" for ::1 at 2022-02-10 13:50:43 -0800
Started GET "/assets/application.self-6ee7cf322068224a3c035ee2f36ab8fd10508c059d8754b0d66976dba36649a5.css?body=1&livereload=1644529843101&livereload=1644529695535" for ::1 at 2022-02-10 13:50:43 -0800
Started GET "/assets/application.self-6ee7cf322068224a3c035ee2f36ab8fd10508c059d8754b0d66976dba36649a5.css?body=1&livereload=1644529851165&livereload=1644529695535" for ::1 at 2022-02-10 13:50:51 -0800
Started GET "/assets/application.self-6ee7cf322068224a3c035ee2f36ab8fd10508c059d8754b0d66976dba36649a5.css?body=1&livereload=1644529851167&livereload=1644529695535" for ::1 at 2022-02-10 13:50:51 -0800
Started GET "/assets/application.self-6ee7cf322068224a3c035ee2f36ab8fd10508c059d8754b0d66976dba36649a5.css?body=1&livereload=1644529853139&livereload=1644529695535" for ::1 at 2022-02-10 13:50:53 -0800
Started GET "/assets/application.self-6ee7cf322068224a3c035ee2f36ab8fd10508c059d8754b0d66976dba36649a5.css?body=1&livereload=1644529853143&livereload=1644529695535" for ::1 at 2022-02-10 13:50:53 -0800
Started GET "/assets/application.self-6ee7cf322068224a3c035ee2f36ab8fd10508c059d8754b0d66976dba36649a5.css?body=1&livereload=1644529893370&livereload=1644529695535" for ::1 at 2022-02-10 13:51:33 -0800
Started GET "/assets/application.self-6ee7cf322068224a3c035ee2f36ab8fd10508c059d8754b0d66976dba36649a5.css?body=1&livereload=1644529893371&livereload=1644529695535" for ::1 at 2022-02-10 13:51:33 -0800
Started GET "/assets/application.self-6ee7cf322068224a3c035ee2f36ab8fd10508c059d8754b0d66976dba36649a5.css?body=1&livereload=1644529899358&livereload=1644529695535" for ::1 at 2022-02-10 13:51:39 -0800
Started GET "/assets/application.self-6ee7cf322068224a3c035ee2f36ab8fd10508c059d8754b0d66976dba36649a5.css?body=1&livereload=1644529899357&livereload=1644529695535" for ::1 at 2022-02-10 13:51:39 -0800
Started GET "/assets/application.self-6ee7cf322068224a3c035ee2f36ab8fd10508c059d8754b0d66976dba36649a5.css?body=1&livereload=1644529901330&livereload=1644529695535" for ::1 at 2022-02-10 13:51:41 -0800
Started GET "/assets/application.self-6ee7cf322068224a3c035ee2f36ab8fd10508c059d8754b0d66976dba36649a5.css?body=1&livereload=1644529901331&livereload=1644529695535" for ::1 at 2022-02-10 13:51:41 -0800
Started GET "/assets/application.self-6ee7cf322068224a3c035ee2f36ab8fd10508c059d8754b0d66976dba36649a5.css?body=1&livereload=1644529902372&livereload=1644529695535" for ::1 at 2022-02-10 13:51:42 -0800
Started GET "/assets/application.self-6ee7cf322068224a3c035ee2f36ab8fd10508c059d8754b0d66976dba36649a5.css?body=1&livereload=1644529902373&livereload=1644529695535" for ::1 at 2022-02-10 13:51:42 -0800
Started GET "/assets/application.self-6ee7cf322068224a3c035ee2f36ab8fd10508c059d8754b0d66976dba36649a5.css?body=1&livereload=1644529909387&livereload=1644529695535" for ::1 at 2022-02-10 13:51:49 -0800
Started GET "/assets/application.self-6ee7cf322068224a3c035ee2f36ab8fd10508c059d8754b0d66976dba36649a5.css?body=1&livereload=1644529909390&livereload=1644529695535" for ::1 at 2022-02-10 13:51:49 -0800
Started GET "/assets/application.self-6ee7cf322068224a3c035ee2f36ab8fd10508c059d8754b0d66976dba36649a5.css?body=1&livereload=1644529914454&livereload=1644529695535" for ::1 at 2022-02-10 13:51:54 -0800
Started GET "/assets/application.self-6ee7cf322068224a3c035ee2f36ab8fd10508c059d8754b0d66976dba36649a5.css?body=1&livereload=1644529914454&livereload=1644529695535&livereload=1644529914454" for ::1 at 2022-02-10 13:51:54 -0800
Started GET "/assets/application.self-6ee7cf322068224a3c035ee2f36ab8fd10508c059d8754b0d66976dba36649a5.css?body=1&livereload=1644529937525&livereload=1644529695535&livereload=1644529914454" for ::1 at 2022-02-10 13:52:17 -0800
Started GET "/assets/application.self-6ee7cf322068224a3c035ee2f36ab8fd10508c059d8754b0d66976dba36649a5.css?body=1&livereload=1644529937523&livereload=1644529695535&livereload=1644529914454" for ::1 at 2022-02-10 13:52:17 -0800
Started GET "/assets/application.self-6ee7cf322068224a3c035ee2f36ab8fd10508c059d8754b0d66976dba36649a5.css?body=1&livereload=1644529953642&livereload=1644529695535&livereload=1644529914454" for ::1 at 2022-02-10 13:52:33 -0800
Started GET "/assets/application.self-6ee7cf322068224a3c035ee2f36ab8fd10508c059d8754b0d66976dba36649a5.css?body=1&livereload=1644529953638&livereload=1644529695535&livereload=1644529914454" for ::1 at 2022-02-10 13:52:33 -0800
Started GET "/assets/application.self-6ee7cf322068224a3c035ee2f36ab8fd10508c059d8754b0d66976dba36649a5.css?body=1&livereload=1644529975671&livereload=1644529695535&livereload=1644529914454" for ::1 at 2022-02-10 13:52:55 -0800
Started GET "/assets/application.self-6ee7cf322068224a3c035ee2f36ab8fd10508c059d8754b0d66976dba36649a5.css?body=1&livereload=1644529975673&livereload=1644529695535&livereload=1644529914454" for ::1 at 2022-02-10 13:52:55 -0800
Started GET "/assets/application.self-6ee7cf322068224a3c035ee2f36ab8fd10508c059d8754b0d66976dba36649a5.css?body=1&livereload=1644529977733&livereload=1644529695535&livereload=1644529914454" for ::1 at 2022-02-10 13:52:57 -0800
Started GET "/assets/application.self-6ee7cf322068224a3c035ee2f36ab8fd10508c059d8754b0d66976dba36649a5.css?body=1&livereload=1644529977735&livereload=1644529695535&livereload=1644529914454" for ::1 at 2022-02-10 13:52:57 -0800
Started GET "/assets/application.self-6ee7cf322068224a3c035ee2f36ab8fd10508c059d8754b0d66976dba36649a5.css?body=1&livereload=1644529990765&livereload=1644529695535&livereload=1644529914454" for ::1 at 2022-02-10 13:53:10 -0800
Started GET "/assets/application.self-6ee7cf322068224a3c035ee2f36ab8fd10508c059d8754b0d66976dba36649a5.css?body=1&livereload=1644529990766&livereload=1644529695535&livereload=1644529914454" for ::1 at 2022-02-10 13:53:10 -0800
Started GET "/assets/application.self-6ee7cf322068224a3c035ee2f36ab8fd10508c059d8754b0d66976dba36649a5.css?body=1&livereload=1644529994801&livereload=1644529695535&livereload=1644529914454" for ::1 at 2022-02-10 13:53:14 -0800
Started GET "/assets/application.self-6ee7cf322068224a3c035ee2f36ab8fd10508c059d8754b0d66976dba36649a5.css?body=1&livereload=1644529994803&livereload=1644529695535&livereload=1644529914454" for ::1 at 2022-02-10 13:53:14 -0800
Started GET "/assets/application.self-6ee7cf322068224a3c035ee2f36ab8fd10508c059d8754b0d66976dba36649a5.css?body=1&livereload=1644530116333&livereload=1644529695535&livereload=1644529914454" for ::1 at 2022-02-10 13:55:16 -0800
Started GET "/assets/application.self-6ee7cf322068224a3c035ee2f36ab8fd10508c059d8754b0d66976dba36649a5.css?body=1&livereload=1644530116334&livereload=1644529695535&livereload=1644529914454" for ::1 at 2022-02-10 13:55:16 -0800
Started GET "/assets/application.self-6ee7cf322068224a3c035ee2f36ab8fd10508c059d8754b0d66976dba36649a5.css?body=1&livereload=1644530118303&livereload=1644529695535&livereload=1644529914454" for ::1 at 2022-02-10 13:55:18 -0800
Started GET "/assets/application.self-6ee7cf322068224a3c035ee2f36ab8fd10508c059d8754b0d66976dba36649a5.css?body=1&livereload=1644530118301&livereload=1644529695535&livereload=1644529914454" for ::1 at 2022-02-10 13:55:18 -0800
Started GET "/assets/application.self-6ee7cf322068224a3c035ee2f36ab8fd10508c059d8754b0d66976dba36649a5.css?body=1&livereload=1644530119342&livereload=1644529695535&livereload=1644529914454" for ::1 at 2022-02-10 13:55:19 -0800
Started GET "/assets/application.self-6ee7cf322068224a3c035ee2f36ab8fd10508c059d8754b0d66976dba36649a5.css?body=1&livereload=1644530119341&livereload=1644529695535&livereload=1644529914454" for ::1 at 2022-02-10 13:55:19 -0800
Started GET "/assets/application.self-6ee7cf322068224a3c035ee2f36ab8fd10508c059d8754b0d66976dba36649a5.css?body=1&livereload=1644530121322&livereload=1644529695535&livereload=1644529914454" for ::1 at 2022-02-10 13:55:21 -0800
Started GET "/assets/application.self-6ee7cf322068224a3c035ee2f36ab8fd10508c059d8754b0d66976dba36649a5.css?body=1&livereload=1644530121323&livereload=1644529695535&livereload=1644529914454" for ::1 at 2022-02-10 13:55:21 -0800
Started GET "/assets/application.self-6ee7cf322068224a3c035ee2f36ab8fd10508c059d8754b0d66976dba36649a5.css?body=1&livereload=1644530125366&livereload=1644529695535&livereload=1644529914454" for ::1 at 2022-02-10 13:55:25 -0800
Started GET "/assets/application.self-6ee7cf322068224a3c035ee2f36ab8fd10508c059d8754b0d66976dba36649a5.css?body=1&livereload=1644530125370&livereload=1644529695535&livereload=1644529914454" for ::1 at 2022-02-10 13:55:25 -0800
Started GET "/assets/application.self-6ee7cf322068224a3c035ee2f36ab8fd10508c059d8754b0d66976dba36649a5.css?body=1&livereload=1644530127346&livereload=1644529695535&livereload=1644529914454" for ::1 at 2022-02-10 13:55:27 -0800
Started GET "/assets/application.self-6ee7cf322068224a3c035ee2f36ab8fd10508c059d8754b0d66976dba36649a5.css?body=1&livereload=1644530127350&livereload=1644529695535&livereload=1644529914454" for ::1 at 2022-02-10 13:55:27 -0800
Started GET "/assets/application.self-6ee7cf322068224a3c035ee2f36ab8fd10508c059d8754b0d66976dba36649a5.css?body=1&livereload=1644530133341&livereload=1644529695535&livereload=1644529914454" for ::1 at 2022-02-10 13:55:33 -0800
Started GET "/assets/application.self-6ee7cf322068224a3c035ee2f36ab8fd10508c059d8754b0d66976dba36649a5.css?body=1&livereload=1644530133342&livereload=1644529695535&livereload=1644529914454" for ::1 at 2022-02-10 13:55:33 -0800
Started GET "/assets/application.self-6ee7cf322068224a3c035ee2f36ab8fd10508c059d8754b0d66976dba36649a5.css?body=1&livereload=1644530134380&livereload=1644529695535&livereload=1644529914454" for ::1 at 2022-02-10 13:55:34 -0800
Started GET "/assets/application.self-6ee7cf322068224a3c035ee2f36ab8fd10508c059d8754b0d66976dba36649a5.css?body=1&livereload=1644530134381&livereload=1644529695535&livereload=1644529914454" for ::1 at 2022-02-10 13:55:34 -0800
Started GET "/assets/application.self-6ee7cf322068224a3c035ee2f36ab8fd10508c059d8754b0d66976dba36649a5.css?body=1&livereload=1644530137403&livereload=1644529695535&livereload=1644529914454" for ::1 at 2022-02-10 13:55:37 -0800
Started GET "/assets/application.self-6ee7cf322068224a3c035ee2f36ab8fd10508c059d8754b0d66976dba36649a5.css?body=1&livereload=1644530137405&livereload=1644529695535&livereload=1644529914454" for ::1 at 2022-02-10 13:55:37 -0800
Started GET "/assets/application.self-6ee7cf322068224a3c035ee2f36ab8fd10508c059d8754b0d66976dba36649a5.css?body=1&livereload=1644530138347&livereload=1644529695535&livereload=1644529914454" for ::1 at 2022-02-10 13:55:38 -0800
Started GET "/assets/application.self-6ee7cf322068224a3c035ee2f36ab8fd10508c059d8754b0d66976dba36649a5.css?body=1&livereload=1644530138348&livereload=1644529695535&livereload=1644529914454" for ::1 at 2022-02-10 13:55:38 -0800
Started GET "/assets/application.self-6ee7cf322068224a3c035ee2f36ab8fd10508c059d8754b0d66976dba36649a5.css?body=1&livereload=1644530144367&livereload=1644529695535&livereload=1644529914454" for ::1 at 2022-02-10 13:55:44 -0800
Started GET "/assets/application.self-6ee7cf322068224a3c035ee2f36ab8fd10508c059d8754b0d66976dba36649a5.css?body=1&livereload=1644530144369&livereload=1644529695535&livereload=1644529914454" for ::1 at 2022-02-10 13:55:44 -0800
Started GET "/assets/application.self-6ee7cf322068224a3c035ee2f36ab8fd10508c059d8754b0d66976dba36649a5.css?body=1&livereload=1644530146438&livereload=1644529695535&livereload=1644529914454" for ::1 at 2022-02-10 13:55:46 -0800
Started GET "/assets/application.self-6ee7cf322068224a3c035ee2f36ab8fd10508c059d8754b0d66976dba36649a5.css?body=1&livereload=1644530146440&livereload=1644529695535&livereload=1644529914454" for ::1 at 2022-02-10 13:55:46 -0800
Started GET "/assets/application.self-6ee7cf322068224a3c035ee2f36ab8fd10508c059d8754b0d66976dba36649a5.css?body=1&livereload=1644530150399&livereload=1644529695535&livereload=1644529914454" for ::1 at 2022-02-10 13:55:50 -0800
Started GET "/assets/application.self-6ee7cf322068224a3c035ee2f36ab8fd10508c059d8754b0d66976dba36649a5.css?body=1&livereload=1644530150400&livereload=1644529695535&livereload=1644529914454" for ::1 at 2022-02-10 13:55:50 -0800
Started GET "/" for ::1 at 2022-02-10 13:57:45 -0800
Processing by StaticPagesController#index as HTML
  Rendering static_pages/index.html.erb within layouts/application
  Rendered shared/_main_nav.html.erb (0.1ms)
  Rendered shared/_masthead.html.erb (0.1ms)
  Rendered shared/_sections_nav.html.erb (0.2ms)
  Rendered shared/_search_modal.html.erb (0.1ms)
  Rendered shared/_main_content.html.erb (0.1ms)
  Rendered static_pages/index.html.erb within layouts/application (7.2ms)
Completed 200 OK in 23ms (Views: 21.2ms | ActiveRecord: 0.0ms)


Started GET "/assets/application.self-9b413bc5c0730cc925ce47683ee999c810c349e9d1598793832a99cf726f3d93.css?body=1" for ::1 at 2022-02-10 13:57:45 -0800
Started GET "/" for ::1 at 2022-02-10 13:57:48 -0800
Processing by StaticPagesController#index as HTML
  Rendering static_pages/index.html.erb within layouts/application
  Rendered shared/_main_nav.html.erb (0.1ms)
  Rendered shared/_masthead.html.erb (0.3ms)
  Rendered shared/_sections_nav.html.erb (0.1ms)
  Rendered shared/_search_modal.html.erb (0.1ms)
  Rendered shared/_main_content.html.erb (0.1ms)
  Rendered static_pages/index.html.erb within layouts/application (8.5ms)
Completed 200 OK in 21ms (Views: 19.4ms | ActiveRecord: 0.0ms)


Started GET "/" for ::1 at 2022-02-10 13:57:55 -0800
Processing by StaticPagesController#index as HTML
  Rendering static_pages/index.html.erb within layouts/application
  Rendered shared/_main_nav.html.erb (0.1ms)
  Rendered shared/_masthead.html.erb (0.1ms)
  Rendered shared/_sections_nav.html.erb (0.1ms)
  Rendered shared/_search_modal.html.erb (0.2ms)
  Rendered shared/_main_content.html.erb (0.1ms)
  Rendered static_pages/index.html.erb within layouts/application (6.8ms)
Completed 200 OK in 16ms (Views: 15.1ms | ActiveRecord: 0.0ms)


Started GET "/" for ::1 at 2022-02-10 13:57:56 -0800
Processing by StaticPagesController#index as HTML
  Rendering static_pages/index.html.erb within layouts/application
  Rendered shared/_main_nav.html.erb (0.1ms)
  Rendered shared/_masthead.html.erb (0.1ms)
  Rendered shared/_sections_nav.html.erb (0.2ms)
  Rendered shared/_search_modal.html.erb (0.2ms)
  Rendered shared/_main_content.html.erb (0.2ms)
  Rendered static_pages/index.html.erb within layouts/application (7.3ms)
Completed 200 OK in 17ms (Views: 16.1ms | ActiveRecord: 0.0ms)


Started GET "/" for ::1 at 2022-02-10 13:58:12 -0800
Processing by StaticPagesController#index as HTML
  Rendering static_pages/index.html.erb within layouts/application
  Rendered shared/_main_nav.html.erb (0.1ms)
  Rendered shared/_masthead.html.erb (0.1ms)
  Rendered shared/_sections_nav.html.erb (0.1ms)
  Rendered shared/_search_modal.html.erb (0.1ms)
  Rendered shared/_main_content.html.erb (0.1ms)
  Rendered static_pages/index.html.erb within layouts/application (7.1ms)
Completed 200 OK in 16ms (Views: 15.1ms | ActiveRecord: 0.0ms)


Started GET "/" for ::1 at 2022-02-10 13:58:16 -0800
Processing by StaticPagesController#index as HTML
  Rendering static_pages/index.html.erb within layouts/application
  Rendered shared/_main_nav.html.erb (0.2ms)
  Rendered shared/_masthead.html.erb (0.1ms)
  Rendered shared/_sections_nav.html.erb (0.1ms)
  Rendered shared/_search_modal.html.erb (0.1ms)
  Rendered shared/_main_content.html.erb (0.1ms)
  Rendered static_pages/index.html.erb within layouts/application (7.4ms)
Completed 200 OK in 18ms (Views: 16.3ms | ActiveRecord: 0.0ms)


Started GET "/" for ::1 at 2022-02-10 13:58:18 -0800
Processing by StaticPagesController#index as HTML
  Rendering static_pages/index.html.erb within layouts/application
  Rendered shared/_main_nav.html.erb (0.1ms)
  Rendered shared/_masthead.html.erb (0.1ms)
  Rendered shared/_sections_nav.html.erb (0.1ms)
  Rendered shared/_search_modal.html.erb (0.1ms)
  Rendered shared/_main_content.html.erb (0.1ms)
  Rendered static_pages/index.html.erb within layouts/application (6.3ms)
Completed 200 OK in 15ms (Views: 14.2ms | ActiveRecord: 0.0ms)


Started GET "/" for ::1 at 2022-02-10 13:58:21 -0800
Processing by StaticPagesController#index as HTML
  Rendering static_pages/index.html.erb within layouts/application
  Rendered shared/_main_nav.html.erb (0.1ms)
  Rendered shared/_masthead.html.erb (0.1ms)
  Rendered shared/_sections_nav.html.erb (0.2ms)
  Rendered shared/_search_modal.html.erb (0.1ms)
  Rendered shared/_main_content.html.erb (0.1ms)
  Rendered static_pages/index.html.erb within layouts/application (7.1ms)
Completed 200 OK in 17ms (Views: 16.0ms | ActiveRecord: 0.0ms)


Started GET "/" for ::1 at 2022-02-10 13:58:24 -0800
Processing by StaticPagesController#index as HTML
  Rendering static_pages/index.html.erb within layouts/application
  Rendered shared/_main_nav.html.erb (0.1ms)
  Rendered shared/_masthead.html.erb (0.1ms)
  Rendered shared/_sections_nav.html.erb (0.1ms)
  Rendered shared/_search_modal.html.erb (0.1ms)
  Rendered shared/_main_content.html.erb (0.1ms)
  Rendered static_pages/index.html.erb within layouts/application (6.8ms)
Completed 200 OK in 17ms (Views: 15.7ms | ActiveRecord: 0.0ms)


Started GET "/" for ::1 at 2022-02-10 13:58:28 -0800
Processing by StaticPagesController#index as HTML
  Rendering static_pages/index.html.erb within layouts/application
  Rendered shared/_main_nav.html.erb (0.1ms)
  Rendered shared/_masthead.html.erb (0.1ms)
  Rendered shared/_sections_nav.html.erb (0.2ms)
  Rendered shared/_search_modal.html.erb (0.1ms)
  Rendered shared/_main_content.html.erb (0.1ms)
  Rendered static_pages/index.html.erb within layouts/application (7.3ms)
Completed 200 OK in 17ms (Views: 16.0ms | ActiveRecord: 0.0ms)


Started GET "/" for ::1 at 2022-02-10 13:58:41 -0800
Processing by StaticPagesController#index as HTML
  Rendering static_pages/index.html.erb within layouts/application
  Rendered shared/_main_nav.html.erb (0.2ms)
  Rendered shared/_masthead.html.erb (0.2ms)
  Rendered shared/_sections_nav.html.erb (0.2ms)
  Rendered shared/_search_modal.html.erb (0.1ms)
  Rendered shared/_main_content.html.erb (0.1ms)
  Rendered static_pages/index.html.erb within layouts/application (8.6ms)
Completed 200 OK in 21ms (Views: 18.9ms | ActiveRecord: 0.0ms)


Started GET "/" for ::1 at 2022-02-10 14:00:20 -0800
Processing by StaticPagesController#index as HTML
  Rendering static_pages/index.html.erb within layouts/application
  Rendered shared/_main_nav.html.erb (0.2ms)
  Rendered shared/_masthead.html.erb (0.1ms)
  Rendered shared/_sections_nav.html.erb (0.1ms)
  Rendered shared/_search_modal.html.erb (0.1ms)
  Rendered shared/_main_content.html.erb (0.1ms)
  Rendered static_pages/index.html.erb within layouts/application (7.1ms)
Completed 200 OK in 20ms (Views: 18.6ms | ActiveRecord: 0.0ms)


Started GET "/" for ::1 at 2022-02-10 14:00:22 -0800
Processing by StaticPagesController#index as HTML
  Rendering static_pages/index.html.erb within layouts/application
  Rendered shared/_main_nav.html.erb (0.1ms)
  Rendered shared/_masthead.html.erb (0.1ms)
  Rendered shared/_sections_nav.html.erb (0.2ms)
  Rendered shared/_search_modal.html.erb (0.1ms)
  Rendered shared/_main_content.html.erb (0.1ms)
  Rendered static_pages/index.html.erb within layouts/application (7.0ms)
Completed 200 OK in 18ms (Views: 17.0ms | ActiveRecord: 0.0ms)


Started GET "/" for ::1 at 2022-02-10 14:00:23 -0800
Processing by StaticPagesController#index as HTML
  Rendering static_pages/index.html.erb within layouts/application
  Rendered shared/_main_nav.html.erb (0.2ms)
  Rendered shared/_masthead.html.erb (0.1ms)
  Rendered shared/_sections_nav.html.erb (0.1ms)
  Rendered shared/_search_modal.html.erb (0.1ms)
  Rendered shared/_main_content.html.erb (0.1ms)
  Rendered static_pages/index.html.erb within layouts/application (7.2ms)
Completed 200 OK in 17ms (Views: 15.7ms | ActiveRecord: 0.0ms)


Started GET "/" for ::1 at 2022-02-10 14:00:32 -0800
Processing by StaticPagesController#index as HTML
  Rendering static_pages/index.html.erb within layouts/application
  Rendered shared/_main_nav.html.erb (0.2ms)
  Rendered shared/_masthead.html.erb (0.2ms)
  Rendered shared/_sections_nav.html.erb (0.1ms)
  Rendered shared/_search_modal.html.erb (0.1ms)
  Rendered shared/_main_content.html.erb (0.1ms)
  Rendered static_pages/index.html.erb within layouts/application (9.3ms)
Completed 200 OK in 21ms (Views: 19.6ms | ActiveRecord: 0.0ms)


Started GET "/" for ::1 at 2022-02-10 14:00:36 -0800
Processing by StaticPagesController#index as HTML
  Rendering static_pages/index.html.erb within layouts/application
  Rendered shared/_main_nav.html.erb (0.1ms)
  Rendered shared/_masthead.html.erb (0.1ms)
  Rendered shared/_sections_nav.html.erb (0.1ms)
  Rendered shared/_search_modal.html.erb (0.1ms)
  Rendered shared/_main_content.html.erb (0.1ms)
  Rendered static_pages/index.html.erb within layouts/application (7.6ms)
Completed 200 OK in 20ms (Views: 18.4ms | ActiveRecord: 0.0ms)


Started GET "/" for ::1 at 2022-02-10 14:00:42 -0800
Processing by StaticPagesController#index as HTML
  Rendering static_pages/index.html.erb within layouts/application
  Rendered shared/_main_nav.html.erb (0.2ms)
  Rendered shared/_masthead.html.erb (0.2ms)
  Rendered shared/_sections_nav.html.erb (0.2ms)
  Rendered shared/_search_modal.html.erb (0.1ms)
  Rendered shared/_main_content.html.erb (0.1ms)
  Rendered static_pages/index.html.erb within layouts/application (7.9ms)
Completed 200 OK in 18ms (Views: 16.8ms | ActiveRecord: 0.0ms)


Started GET "/" for ::1 at 2022-02-10 14:00:44 -0800
Processing by StaticPagesController#index as HTML
  Rendering static_pages/index.html.erb within layouts/application
  Rendered shared/_main_nav.html.erb (0.2ms)
  Rendered shared/_masthead.html.erb (0.1ms)
  Rendered shared/_sections_nav.html.erb (0.1ms)
  Rendered shared/_search_modal.html.erb (0.1ms)
  Rendered shared/_main_content.html.erb (0.1ms)
  Rendered static_pages/index.html.erb within layouts/application (6.4ms)
Completed 200 OK in 16ms (Views: 14.4ms | ActiveRecord: 0.0ms)


Started GET "/" for ::1 at 2022-02-10 14:00:50 -0800
Processing by StaticPagesController#index as HTML
  Rendering static_pages/index.html.erb within layouts/application
  Rendered shared/_main_nav.html.erb (0.1ms)
  Rendered shared/_masthead.html.erb (0.2ms)
  Rendered shared/_sections_nav.html.erb (0.1ms)
  Rendered shared/_search_modal.html.erb (0.1ms)
  Rendered shared/_main_content.html.erb (0.1ms)
  Rendered static_pages/index.html.erb within layouts/application (7.0ms)
Completed 200 OK in 17ms (Views: 15.2ms | ActiveRecord: 0.0ms)


Started GET "/" for ::1 at 2022-02-10 14:00:53 -0800
Processing by StaticPagesController#index as HTML
  Rendering static_pages/index.html.erb within layouts/application
  Rendered shared/_main_nav.html.erb (0.1ms)
  Rendered shared/_masthead.html.erb (0.2ms)
  Rendered shared/_sections_nav.html.erb (0.1ms)
  Rendered shared/_search_modal.html.erb (0.2ms)
  Rendered shared/_main_content.html.erb (0.1ms)
  Rendered static_pages/index.html.erb within layouts/application (8.0ms)
Completed 200 OK in 20ms (Views: 18.1ms | ActiveRecord: 0.0ms)


Started GET "/" for ::1 at 2022-02-10 14:00:55 -0800
Processing by StaticPagesController#index as HTML
  Rendering static_pages/index.html.erb within layouts/application
  Rendered shared/_main_nav.html.erb (0.1ms)
  Rendered shared/_masthead.html.erb (0.1ms)
  Rendered shared/_sections_nav.html.erb (0.1ms)
  Rendered shared/_search_modal.html.erb (0.1ms)
  Rendered shared/_main_content.html.erb (0.1ms)
  Rendered static_pages/index.html.erb within layouts/application (7.8ms)
Completed 200 OK in 20ms (Views: 18.8ms | ActiveRecord: 0.0ms)


Started GET "/" for ::1 at 2022-02-10 14:00:59 -0800
Processing by StaticPagesController#index as HTML
  Rendering static_pages/index.html.erb within layouts/application
  Rendered shared/_main_nav.html.erb (0.3ms)
  Rendered shared/_masthead.html.erb (0.2ms)
  Rendered shared/_sections_nav.html.erb (0.1ms)
  Rendered shared/_search_modal.html.erb (0.1ms)
  Rendered shared/_main_content.html.erb (0.1ms)
  Rendered static_pages/index.html.erb within layouts/application (9.4ms)
Completed 200 OK in 21ms (Views: 19.9ms | ActiveRecord: 0.0ms)


Started GET "/" for ::1 at 2022-02-10 14:01:10 -0800
Processing by StaticPagesController#index as HTML
  Rendering static_pages/index.html.erb within layouts/application
  Rendered shared/_main_nav.html.erb (0.1ms)
  Rendered shared/_masthead.html.erb (0.1ms)
  Rendered shared/_sections_nav.html.erb (0.1ms)
  Rendered shared/_search_modal.html.erb (0.1ms)
  Rendered shared/_main_content.html.erb (0.1ms)
  Rendered static_pages/index.html.erb within layouts/application (6.6ms)
Completed 200 OK in 16ms (Views: 14.6ms | ActiveRecord: 0.0ms)


Started GET "/" for ::1 at 2022-02-10 14:01:14 -0800
Processing by StaticPagesController#index as HTML
  Rendering static_pages/index.html.erb within layouts/application
  Rendered shared/_main_nav.html.erb (0.1ms)
  Rendered shared/_masthead.html.erb (0.1ms)
  Rendered shared/_sections_nav.html.erb (0.1ms)
  Rendered shared/_search_modal.html.erb (0.1ms)
  Rendered shared/_main_content.html.erb (0.1ms)
  Rendered static_pages/index.html.erb within layouts/application (6.3ms)
Completed 200 OK in 16ms (Views: 14.8ms | ActiveRecord: 0.0ms)


Started GET "/" for ::1 at 2022-02-10 14:01:17 -0800
Processing by StaticPagesController#index as HTML
  Rendering static_pages/index.html.erb within layouts/application
  Rendered shared/_main_nav.html.erb (0.1ms)
  Rendered shared/_masthead.html.erb (0.1ms)
  Rendered shared/_sections_nav.html.erb (0.1ms)
  Rendered shared/_search_modal.html.erb (0.2ms)
  Rendered shared/_main_content.html.erb (0.1ms)
  Rendered static_pages/index.html.erb within layouts/application (7.4ms)
Completed 200 OK in 19ms (Views: 17.9ms | ActiveRecord: 0.0ms)


Started GET "/" for ::1 at 2022-02-10 14:01:21 -0800
Processing by StaticPagesController#index as HTML
  Rendering static_pages/index.html.erb within layouts/application
  Rendered shared/_main_nav.html.erb (0.1ms)
  Rendered shared/_masthead.html.erb (0.3ms)
  Rendered shared/_sections_nav.html.erb (0.1ms)
  Rendered shared/_search_modal.html.erb (0.2ms)
  Rendered shared/_main_content.html.erb (0.2ms)
  Rendered static_pages/index.html.erb within layouts/application (9.6ms)
Completed 200 OK in 21ms (Views: 19.2ms | ActiveRecord: 0.0ms)


Started GET "/" for ::1 at 2022-02-10 14:01:26 -0800
Processing by StaticPagesController#index as HTML
  Rendering static_pages/index.html.erb within layouts/application
  Rendered shared/_main_nav.html.erb (0.1ms)
  Rendered shared/_masthead.html.erb (0.3ms)
  Rendered shared/_sections_nav.html.erb (0.2ms)
  Rendered shared/_search_modal.html.erb (0.1ms)
  Rendered shared/_main_content.html.erb (0.1ms)
  Rendered static_pages/index.html.erb within layouts/application (8.9ms)
Completed 200 OK in 22ms (Views: 20.7ms | ActiveRecord: 0.0ms)


Started GET "/" for ::1 at 2022-02-10 14:01:30 -0800
Processing by StaticPagesController#index as HTML
  Rendering static_pages/index.html.erb within layouts/application
  Rendered shared/_main_nav.html.erb (0.1ms)
  Rendered shared/_masthead.html.erb (0.2ms)
  Rendered shared/_sections_nav.html.erb (0.1ms)
  Rendered shared/_search_modal.html.erb (0.1ms)
  Rendered shared/_main_content.html.erb (0.1ms)
  Rendered static_pages/index.html.erb within layouts/application (7.5ms)
Completed 200 OK in 18ms (Views: 16.4ms | ActiveRecord: 0.0ms)


Started GET "/" for ::1 at 2022-02-10 14:01:33 -0800
Processing by StaticPagesController#index as HTML
  Rendering static_pages/index.html.erb within layouts/application
  Rendered shared/_main_nav.html.erb (0.2ms)
  Rendered shared/_masthead.html.erb (0.1ms)
  Rendered shared/_sections_nav.html.erb (0.1ms)
  Rendered shared/_search_modal.html.erb (0.1ms)
  Rendered shared/_main_content.html.erb (0.1ms)
  Rendered static_pages/index.html.erb within layouts/application (7.4ms)
Completed 200 OK in 19ms (Views: 17.2ms | ActiveRecord: 0.0ms)


Started GET "/" for ::1 at 2022-02-10 14:01:37 -0800
Processing by StaticPagesController#index as HTML
  Rendering static_pages/index.html.erb within layouts/application
  Rendered shared/_main_nav.html.erb (0.3ms)
  Rendered shared/_masthead.html.erb (0.2ms)
  Rendered shared/_sections_nav.html.erb (0.2ms)
  Rendered shared/_search_modal.html.erb (0.1ms)
  Rendered shared/_main_content.html.erb (0.1ms)
  Rendered static_pages/index.html.erb within layouts/application (8.8ms)
Completed 200 OK in 26ms (Views: 24.2ms | ActiveRecord: 0.0ms)


Started GET "/" for ::1 at 2022-02-10 14:01:44 -0800
Processing by StaticPagesController#index as HTML
  Rendering static_pages/index.html.erb within layouts/application
  Rendered shared/_main_nav.html.erb (0.1ms)
  Rendered shared/_masthead.html.erb (0.3ms)
  Rendered shared/_sections_nav.html.erb (0.2ms)
  Rendered shared/_search_modal.html.erb (0.2ms)
  Rendered shared/_main_content.html.erb (0.1ms)
  Rendered static_pages/index.html.erb within layouts/application (8.3ms)
Completed 200 OK in 19ms (Views: 18.2ms | ActiveRecord: 0.0ms)


Started GET "/" for ::1 at 2022-02-10 14:01:49 -0800
Processing by StaticPagesController#index as HTML
  Rendering static_pages/index.html.erb within layouts/application
  Rendered shared/_main_nav.html.erb (0.1ms)
  Rendered shared/_masthead.html.erb (0.1ms)
  Rendered shared/_sections_nav.html.erb (0.1ms)
  Rendered shared/_search_modal.html.erb (0.1ms)
  Rendered shared/_main_content.html.erb (0.1ms)
  Rendered static_pages/index.html.erb within layouts/application (7.1ms)
Completed 200 OK in 17ms (Views: 15.7ms | ActiveRecord: 0.0ms)


Started GET "/" for ::1 at 2022-02-10 14:01:51 -0800
Processing by StaticPagesController#index as HTML
  Rendering static_pages/index.html.erb within layouts/application
  Rendered shared/_main_nav.html.erb (0.1ms)
  Rendered shared/_masthead.html.erb (0.1ms)
  Rendered shared/_sections_nav.html.erb (0.1ms)
  Rendered shared/_search_modal.html.erb (0.2ms)
  Rendered shared/_main_content.html.erb (0.2ms)
  Rendered static_pages/index.html.erb within layouts/application (7.2ms)
Completed 200 OK in 18ms (Views: 16.2ms | ActiveRecord: 0.0ms)


Started GET "/" for ::1 at 2022-02-10 14:03:20 -0800
Processing by StaticPagesController#index as HTML
  Rendering static_pages/index.html.erb within layouts/application
  Rendered shared/_main_nav.html.erb (0.2ms)
  Rendered shared/_masthead.html.erb (0.2ms)
  Rendered shared/_sections_nav.html.erb (0.1ms)
  Rendered shared/_search_modal.html.erb (0.1ms)
  Rendered shared/_main_content.html.erb (0.1ms)
  Rendered static_pages/index.html.erb within layouts/application (7.7ms)
Completed 200 OK in 21ms (Views: 19.1ms | ActiveRecord: 0.0ms)


Started GET "/" for ::1 at 2022-02-10 14:03:25 -0800
Processing by StaticPagesController#index as HTML
  Rendering static_pages/index.html.erb within layouts/application
  Rendered shared/_main_nav.html.erb (0.2ms)
  Rendered shared/_masthead.html.erb (0.2ms)
  Rendered shared/_sections_nav.html.erb (0.1ms)
  Rendered shared/_search_modal.html.erb (0.1ms)
  Rendered shared/_main_content.html.erb (0.1ms)
  Rendered static_pages/index.html.erb within layouts/application (7.8ms)
Completed 200 OK in 31ms (Views: 21.3ms | ActiveRecord: 0.0ms)


Started GET "/" for ::1 at 2022-02-10 14:10:54 -0800
Processing by StaticPagesController#index as HTML
  Rendering static_pages/index.html.erb within layouts/application
  Rendered shared/_main_nav.html.erb (0.1ms)
  Rendered shared/_masthead.html.erb (0.1ms)
  Rendered shared/_sections_nav.html.erb (0.1ms)
  Rendered shared/_search_modal.html.erb (0.1ms)
  Rendered shared/_main_content.html.erb (0.1ms)
  Rendered static_pages/index.html.erb within layouts/application (6.3ms)
Completed 200 OK in 21ms (Views: 18.9ms | ActiveRecord: 0.0ms)


Started GET "/" for ::1 at 2022-02-10 14:10:56 -0800
Processing by StaticPagesController#index as HTML
  Rendering static_pages/index.html.erb within layouts/application
  Rendered shared/_main_nav.html.erb (0.1ms)
  Rendered shared/_masthead.html.erb (0.3ms)
  Rendered shared/_sections_nav.html.erb (0.2ms)
  Rendered shared/_search_modal.html.erb (0.1ms)
  Rendered shared/_main_content.html.erb (0.1ms)
  Rendered static_pages/index.html.erb within layouts/application (8.2ms)
Completed 200 OK in 20ms (Views: 18.3ms | ActiveRecord: 0.0ms)


Started GET "/" for ::1 at 2022-02-10 14:10:58 -0800
Processing by StaticPagesController#index as HTML
  Rendering static_pages/index.html.erb within layouts/application
  Rendered shared/_main_nav.html.erb (0.3ms)
  Rendered shared/_masthead.html.erb (0.4ms)
  Rendered shared/_sections_nav.html.erb (0.4ms)
  Rendered shared/_search_modal.html.erb (0.2ms)
  Rendered shared/_main_content.html.erb (0.2ms)
  Rendered static_pages/index.html.erb within layouts/application (16.1ms)
Completed 200 OK in 45ms (Views: 39.0ms | ActiveRecord: 0.0ms)


Started GET "/" for ::1 at 2022-02-10 14:11:07 -0800
Processing by StaticPagesController#index as HTML
  Rendering static_pages/index.html.erb within layouts/application
  Rendered shared/_main_nav.html.erb (0.2ms)
  Rendered shared/_masthead.html.erb (0.2ms)
  Rendered shared/_sections_nav.html.erb (0.2ms)
  Rendered shared/_search_modal.html.erb (0.2ms)
  Rendered shared/_main_content.html.erb (0.2ms)
  Rendered static_pages/index.html.erb within layouts/application (9.1ms)
Completed 200 OK in 22ms (Views: 20.3ms | ActiveRecord: 0.0ms)


Started GET "/" for ::1 at 2022-02-10 14:11:10 -0800
Processing by StaticPagesController#index as HTML
  Rendering static_pages/index.html.erb within layouts/application
  Rendered shared/_main_nav.html.erb (0.2ms)
  Rendered shared/_masthead.html.erb (0.2ms)
  Rendered shared/_sections_nav.html.erb (0.1ms)
  Rendered shared/_search_modal.html.erb (0.1ms)
  Rendered shared/_main_content.html.erb (0.1ms)
  Rendered static_pages/index.html.erb within layouts/application (8.3ms)
Completed 200 OK in 21ms (Views: 19.5ms | ActiveRecord: 0.0ms)


Started GET "/" for ::1 at 2022-02-10 14:11:11 -0800
Processing by StaticPagesController#index as HTML
  Rendering static_pages/index.html.erb within layouts/application
  Rendered shared/_main_nav.html.erb (0.1ms)
  Rendered shared/_masthead.html.erb (0.1ms)
  Rendered shared/_sections_nav.html.erb (0.2ms)
  Rendered shared/_search_modal.html.erb (0.1ms)
  Rendered shared/_main_content.html.erb (0.1ms)
  Rendered static_pages/index.html.erb within layouts/application (7.0ms)
Completed 200 OK in 17ms (Views: 16.0ms | ActiveRecord: 0.0ms)


Started GET "/" for ::1 at 2022-02-10 14:11:15 -0800
Processing by StaticPagesController#index as HTML
  Rendering static_pages/index.html.erb within layouts/application
  Rendered shared/_main_nav.html.erb (0.1ms)
  Rendered shared/_masthead.html.erb (0.1ms)
  Rendered shared/_sections_nav.html.erb (0.1ms)
  Rendered shared/_search_modal.html.erb (0.1ms)
  Rendered shared/_main_content.html.erb (0.1ms)
  Rendered static_pages/index.html.erb within layouts/application (6.2ms)
Completed 200 OK in 15ms (Views: 14.1ms | ActiveRecord: 0.0ms)


Started GET "/" for ::1 at 2022-02-10 14:11:16 -0800
Processing by StaticPagesController#index as HTML
  Rendering static_pages/index.html.erb within layouts/application
  Rendered shared/_main_nav.html.erb (0.2ms)
  Rendered shared/_masthead.html.erb (0.2ms)
  Rendered shared/_sections_nav.html.erb (0.2ms)
  Rendered shared/_search_modal.html.erb (0.1ms)
  Rendered shared/_main_content.html.erb (0.1ms)
  Rendered static_pages/index.html.erb within layouts/application (7.4ms)
Completed 200 OK in 17ms (Views: 15.9ms | ActiveRecord: 0.0ms)


Started GET "/" for ::1 at 2022-02-10 14:11:18 -0800
Processing by StaticPagesController#index as HTML
  Rendering static_pages/index.html.erb within layouts/application
  Rendered shared/_main_nav.html.erb (0.3ms)
  Rendered shared/_masthead.html.erb (0.1ms)
  Rendered shared/_sections_nav.html.erb (0.2ms)
  Rendered shared/_search_modal.html.erb (0.1ms)
  Rendered shared/_main_content.html.erb (0.2ms)
  Rendered static_pages/index.html.erb within layouts/application (9.6ms)
Completed 200 OK in 22ms (Views: 20.5ms | ActiveRecord: 0.0ms)


Started GET "/" for ::1 at 2022-02-10 14:12:47 -0800
Processing by StaticPagesController#index as HTML
  Rendering static_pages/index.html.erb within layouts/application
  Rendered shared/_main_nav.html.erb (0.3ms)
  Rendered shared/_masthead.html.erb (0.2ms)
  Rendered shared/_sections_nav.html.erb (0.1ms)
  Rendered shared/_search_modal.html.erb (0.1ms)
  Rendered shared/_main_content.html.erb (0.1ms)
  Rendered static_pages/index.html.erb within layouts/application (8.6ms)
Completed 200 OK in 21ms (Views: 19.5ms | ActiveRecord: 0.0ms)


Started GET "/" for ::1 at 2022-02-10 14:12:49 -0800
Processing by StaticPagesController#index as HTML
  Rendering static_pages/index.html.erb within layouts/application
  Rendered shared/_main_nav.html.erb (0.1ms)
  Rendered shared/_masthead.html.erb (0.1ms)
  Rendered shared/_sections_nav.html.erb (0.1ms)
  Rendered shared/_search_modal.html.erb (0.2ms)
  Rendered shared/_main_content.html.erb (0.1ms)
  Rendered static_pages/index.html.erb within layouts/application (7.1ms)
Completed 200 OK in 23ms (Views: 21.6ms | ActiveRecord: 0.0ms)


Started GET "/" for ::1 at 2022-02-10 14:13:00 -0800
Processing by StaticPagesController#index as HTML
  Rendering static_pages/index.html.erb within layouts/application
  Rendered shared/_main_nav.html.erb (0.1ms)
  Rendered shared/_masthead.html.erb (0.2ms)
  Rendered shared/_sections_nav.html.erb (0.1ms)
  Rendered shared/_search_modal.html.erb (0.1ms)
  Rendered shared/_main_content.html.erb (0.1ms)
  Rendered static_pages/index.html.erb within layouts/application (7.2ms)
Completed 200 OK in 18ms (Views: 16.5ms | ActiveRecord: 0.0ms)


Started GET "/" for ::1 at 2022-02-10 14:13:37 -0800
Processing by StaticPagesController#index as HTML
  Rendering static_pages/index.html.erb within layouts/application
  Rendered shared/_main_nav.html.erb (0.5ms)
  Rendered shared/_masthead.html.erb (0.3ms)
  Rendered shared/_sections_nav.html.erb (0.3ms)
  Rendered shared/_search_modal.html.erb (0.2ms)
  Rendered shared/_main_content.html.erb (0.4ms)
  Rendered static_pages/index.html.erb within layouts/application (17.1ms)
Completed 200 OK in 44ms (Views: 38.1ms | ActiveRecord: 0.0ms)


Started GET "/" for ::1 at 2022-02-10 14:13:38 -0800
Processing by StaticPagesController#index as HTML
  Rendering static_pages/index.html.erb within layouts/application
  Rendered shared/_main_nav.html.erb (0.4ms)
  Rendered shared/_masthead.html.erb (0.2ms)
  Rendered shared/_sections_nav.html.erb (0.2ms)
  Rendered shared/_search_modal.html.erb (0.2ms)
  Rendered shared/_main_content.html.erb (0.1ms)
  Rendered static_pages/index.html.erb within layouts/application (12.7ms)
Completed 200 OK in 40ms (Views: 31.0ms | ActiveRecord: 0.0ms)


Started GET "/" for ::1 at 2022-02-10 14:13:41 -0800
Processing by StaticPagesController#index as HTML
  Rendering static_pages/index.html.erb within layouts/application
  Rendered shared/_main_nav.html.erb (0.1ms)
  Rendered shared/_masthead.html.erb (0.2ms)
  Rendered shared/_sections_nav.html.erb (0.2ms)
  Rendered shared/_search_modal.html.erb (0.2ms)
  Rendered shared/_main_content.html.erb (0.1ms)
  Rendered static_pages/index.html.erb within layouts/application (8.6ms)
Completed 200 OK in 21ms (Views: 19.3ms | ActiveRecord: 0.0ms)


Started GET "/" for ::1 at 2022-02-10 14:14:43 -0800
Processing by StaticPagesController#index as HTML
  Rendering static_pages/index.html.erb within layouts/application
  Rendered shared/_main_nav.html.erb (0.1ms)
  Rendered shared/_masthead.html.erb (0.1ms)
  Rendered shared/_sections_nav.html.erb (0.2ms)
  Rendered shared/_search_modal.html.erb (0.1ms)
  Rendered shared/_main_content.html.erb (0.1ms)
  Rendered static_pages/index.html.erb within layouts/application (7.3ms)
Completed 200 OK in 20ms (Views: 18.3ms | ActiveRecord: 0.0ms)


